  highScoreTable.cpp
c:\users\s189074\source\repos\a1us-code-design-and-data-structures-part-two\codedesignanddatastructuresparttwo\codedesignanddatastructuresparttwo\tlinkedlist.h(183): warning C4346: 'iterator': dependent name is not a type
  c:\users\s189074\source\repos\a1us-code-design-and-data-structures-part-two\codedesignanddatastructuresparttwo\codedesignanddatastructuresparttwo\tlinkedlist.h(183): note: prefix with 'typename' to indicate a type
c:\users\s189074\source\repos\a1us-code-design-and-data-structures-part-two\codedesignanddatastructuresparttwo\codedesignanddatastructuresparttwo\tlinkedlist.h(183): error C2061: syntax error: identifier 'iterator'
c:\users\s189074\source\repos\a1us-code-design-and-data-structures-part-two\codedesignanddatastructuresparttwo\codedesignanddatastructuresparttwo\tlinkedlist.h(183): error C2143: syntax error: missing ';' before '{'
c:\users\s189074\source\repos\a1us-code-design-and-data-structures-part-two\codedesignanddatastructuresparttwo\codedesignanddatastructuresparttwo\tlinkedlist.h(183): error C2447: '{': missing function header (old-style formal list?)
c:\users\s189074\source\repos\a1us-code-design-and-data-structures-part-two\codedesignanddatastructuresparttwo\codedesignanddatastructuresparttwo\tlinkedlist.h(190): error C2143: syntax error: missing ';' before 'tForwardList<T>::iterator::operator ++'
c:\users\s189074\source\repos\a1us-code-design-and-data-structures-part-two\codedesignanddatastructuresparttwo\codedesignanddatastructuresparttwo\tlinkedlist.h(190): error C7525: inline variables require at least '/std:c++17'
c:\users\s189074\source\repos\a1us-code-design-and-data-structures-part-two\codedesignanddatastructuresparttwo\codedesignanddatastructuresparttwo\tlinkedlist.h(190): error C4430: missing type specifier - int assumed. Note: C++ does not support default-int
c:\users\s189074\source\repos\a1us-code-design-and-data-structures-part-two\codedesignanddatastructuresparttwo\codedesignanddatastructuresparttwo\tlinkedlist.h(190): error C2511: 'int tForwardList<T>::iterator::operator ++(int)': overloaded member function not found in 'tForwardList<T>::iterator'
  c:\users\s189074\source\repos\a1us-code-design-and-data-structures-part-two\codedesignanddatastructuresparttwo\codedesignanddatastructuresparttwo\tlinkedlist.h(30): note: see declaration of 'tForwardList<T>::iterator'
c:\users\s189074\source\repos\a1us-code-design-and-data-structures-part-two\codedesignanddatastructuresparttwo\codedesignanddatastructuresparttwo\tlinkedlist.h(190): error C2447: '{': missing function header (old-style formal list?)
c:\users\s189074\source\repos\a1us-code-design-and-data-structures-part-two\codedesignanddatastructuresparttwo\codedesignanddatastructuresparttwo\tobjectpool.h(5): error C3856: 'tForwardList<T>::iterator::++': class is not a class template
c:\users\s189074\source\repos\a1us-code-design-and-data-structures-part-two\codedesignanddatastructuresparttwo\codedesignanddatastructuresparttwo\tobjectpool.h(30): error C2039: '{ctor}': is not a member of 'tForwardList<T>::iterator::++::tObjectPool'
  c:\users\s189074\source\repos\a1us-code-design-and-data-structures-part-two\codedesignanddatastructuresparttwo\codedesignanddatastructuresparttwo\tobjectpool.h(7): note: see declaration of 'tForwardList<T>::iterator::++::tObjectPool'
c:\users\s189074\source\repos\a1us-code-design-and-data-structures-part-two\codedesignanddatastructuresparttwo\codedesignanddatastructuresparttwo\tobjectpool.h(30): error C4430: missing type specifier - int assumed. Note: C++ does not support default-int
c:\users\s189074\source\repos\a1us-code-design-and-data-structures-part-two\codedesignanddatastructuresparttwo\codedesignanddatastructuresparttwo\tobjectpool.h(34): error C2988: unrecognizable template declaration/definition
c:\users\s189074\source\repos\a1us-code-design-and-data-structures-part-two\codedesignanddatastructuresparttwo\codedesignanddatastructuresparttwo\tobjectpool.h(34): error C2059: syntax error: '<'
c:\users\s189074\source\repos\a1us-code-design-and-data-structures-part-two\codedesignanddatastructuresparttwo\codedesignanddatastructuresparttwo\tobjectpool.h(34): error C2143: syntax error: missing ';' before '{'
c:\users\s189074\source\repos\a1us-code-design-and-data-structures-part-two\codedesignanddatastructuresparttwo\codedesignanddatastructuresparttwo\tobjectpool.h(34): error C2447: '{': missing function header (old-style formal list?)
c:\users\s189074\source\repos\a1us-code-design-and-data-structures-part-two\codedesignanddatastructuresparttwo\codedesignanddatastructuresparttwo\tobjectpool.h(47): error C2988: unrecognizable template declaration/definition
c:\users\s189074\source\repos\a1us-code-design-and-data-structures-part-two\codedesignanddatastructuresparttwo\codedesignanddatastructuresparttwo\tobjectpool.h(47): error C2059: syntax error: '<'
c:\users\s189074\source\repos\a1us-code-design-and-data-structures-part-two\codedesignanddatastructuresparttwo\codedesignanddatastructuresparttwo\tobjectpool.h(47): error C2523: '::~tObjectPool': destructor tag mismatch
c:\users\s189074\source\repos\a1us-code-design-and-data-structures-part-two\codedesignanddatastructuresparttwo\codedesignanddatastructuresparttwo\tobjectpool.h(47): error C2143: syntax error: missing ';' before '{'
c:\users\s189074\source\repos\a1us-code-design-and-data-structures-part-two\codedesignanddatastructuresparttwo\codedesignanddatastructuresparttwo\tobjectpool.h(47): error C2447: '{': missing function header (old-style formal list?)
c:\users\s189074\source\repos\a1us-code-design-and-data-structures-part-two\codedesignanddatastructuresparttwo\codedesignanddatastructuresparttwo\tobjectpool.h(53): error C2988: unrecognizable template declaration/definition
c:\users\s189074\source\repos\a1us-code-design-and-data-structures-part-two\codedesignanddatastructuresparttwo\codedesignanddatastructuresparttwo\tobjectpool.h(53): error C2143: syntax error: missing ';' before '<'
c:\users\s189074\source\repos\a1us-code-design-and-data-structures-part-two\codedesignanddatastructuresparttwo\codedesignanddatastructuresparttwo\tobjectpool.h(53): error C7525: inline variables require at least '/std:c++17'
c:\users\s189074\source\repos\a1us-code-design-and-data-structures-part-two\codedesignanddatastructuresparttwo\codedesignanddatastructuresparttwo\tobjectpool.h(53): error C2059: syntax error: '<'
c:\users\s189074\source\repos\a1us-code-design-and-data-structures-part-two\codedesignanddatastructuresparttwo\codedesignanddatastructuresparttwo\tobjectpool.h(53): error C2039: 'retrieve': is not a member of '`global namespace''
c:\users\s189074\source\repos\a1us-code-design-and-data-structures-part-two\codedesignanddatastructuresparttwo\codedesignanddatastructuresparttwo\tobjectpool.h(53): error C2143: syntax error: missing ';' before '{'
c:\users\s189074\source\repos\a1us-code-design-and-data-structures-part-two\codedesignanddatastructuresparttwo\codedesignanddatastructuresparttwo\tobjectpool.h(53): error C2447: '{': missing function header (old-style formal list?)
c:\users\s189074\source\repos\a1us-code-design-and-data-structures-part-two\codedesignanddatastructuresparttwo\codedesignanddatastructuresparttwo\tobjectpool.h(72): error C2988: unrecognizable template declaration/definition
c:\users\s189074\source\repos\a1us-code-design-and-data-structures-part-two\codedesignanddatastructuresparttwo\codedesignanddatastructuresparttwo\tobjectpool.h(72): error C2143: syntax error: missing ';' before '<'
c:\users\s189074\source\repos\a1us-code-design-and-data-structures-part-two\codedesignanddatastructuresparttwo\codedesignanddatastructuresparttwo\tobjectpool.h(72): error C2182: 'tObjectPool': illegal use of type 'void'
c:\users\s189074\source\repos\a1us-code-design-and-data-structures-part-two\codedesignanddatastructuresparttwo\codedesignanddatastructuresparttwo\tobjectpool.h(72): error C7525: inline variables require at least '/std:c++17'
c:\users\s189074\source\repos\a1us-code-design-and-data-structures-part-two\codedesignanddatastructuresparttwo\codedesignanddatastructuresparttwo\tobjectpool.h(72): error C2040: 'tObjectPool': 'int' differs in levels of indirection from 'T *'
c:\users\s189074\source\repos\a1us-code-design-and-data-structures-part-two\codedesignanddatastructuresparttwo\codedesignanddatastructuresparttwo\tobjectpool.h(72): error C2059: syntax error: '<'
c:\users\s189074\source\repos\a1us-code-design-and-data-structures-part-two\codedesignanddatastructuresparttwo\codedesignanddatastructuresparttwo\tobjectpool.h(72): error C2039: 'recycle': is not a member of '`global namespace''
c:\users\s189074\source\repos\a1us-code-design-and-data-structures-part-two\codedesignanddatastructuresparttwo\codedesignanddatastructuresparttwo\tobjectpool.h(72): error C2143: syntax error: missing ';' before '{'
c:\users\s189074\source\repos\a1us-code-design-and-data-structures-part-two\codedesignanddatastructuresparttwo\codedesignanddatastructuresparttwo\tobjectpool.h(72): error C2447: '{': missing function header (old-style formal list?)
c:\users\s189074\source\repos\a1us-code-design-and-data-structures-part-two\codedesignanddatastructuresparttwo\codedesignanddatastructuresparttwo\tobjectpool.h(85): error C2988: unrecognizable template declaration/definition
c:\users\s189074\source\repos\a1us-code-design-and-data-structures-part-two\codedesignanddatastructuresparttwo\codedesignanddatastructuresparttwo\tobjectpool.h(85): error C2143: syntax error: missing ';' before '<'
c:\users\s189074\source\repos\a1us-code-design-and-data-structures-part-two\codedesignanddatastructuresparttwo\codedesignanddatastructuresparttwo\tobjectpool.h(85): error C7525: inline variables require at least '/std:c++17'
c:\users\s189074\source\repos\a1us-code-design-and-data-structures-part-two\codedesignanddatastructuresparttwo\codedesignanddatastructuresparttwo\tobjectpool.h(85): error C2040: 'tObjectPool': 'size_t' differs in levels of indirection from 'T *'
c:\users\s189074\source\repos\a1us-code-design-and-data-structures-part-two\codedesignanddatastructuresparttwo\codedesignanddatastructuresparttwo\tobjectpool.h(85): error C2059: syntax error: '<'
c:\users\s189074\source\repos\a1us-code-design-and-data-structures-part-two\codedesignanddatastructuresparttwo\codedesignanddatastructuresparttwo\tobjectpool.h(85): error C2039: 'capacity': is not a member of '`global namespace''
c:\users\s189074\source\repos\a1us-code-design-and-data-structures-part-two\codedesignanddatastructuresparttwo\codedesignanddatastructuresparttwo\tobjectpool.h(85): error C2143: syntax error: missing ';' before '{'
c:\users\s189074\source\repos\a1us-code-design-and-data-structures-part-two\codedesignanddatastructuresparttwo\codedesignanddatastructuresparttwo\tobjectpool.h(85): error C2447: '{': missing function header (old-style formal list?)
c:\users\s189074\source\repos\a1us-code-design-and-data-structures-part-two\codedesignanddatastructuresparttwo\codedesignanddatastructuresparttwo\tvector.h(27): fatal error C1903: unable to recover from previous error(s); stopping compilation
  INTERNAL COMPILER ERROR in 'C:\Program Files (x86)\Microsoft Visual Studio\2017\Enterprise\VC\Tools\MSVC\14.14.26428\bin\HostX86\x86\CL.exe'
      Please choose the Technical Support command on the Visual C++
      Help menu, or open the Technical Support help file for more information
