  highScoreTable.cpp
c:\users\s189074\source\repos\a1us-code-design-and-data-structures-part-two\codedesignanddatastructuresparttwo\codedesignanddatastructuresparttwo\highscoretable.cpp(33): warning C4806: '==': unsafe operation: no value of type 'bool' promoted to type 'int' can equal the given constant
c:\users\s189074\source\repos\a1us-code-design-and-data-structures-part-two\codedesignanddatastructuresparttwo\codedesignanddatastructuresparttwo\highscoretable.cpp(87): warning C4552: '+': result of expression not used
c:\users\s189074\source\repos\a1us-code-design-and-data-structures-part-two\codedesignanddatastructuresparttwo\codedesignanddatastructuresparttwo\highscoretable.cpp(129): warning C4806: '==': unsafe operation: no value of type 'bool' promoted to type 'int' can equal the given constant
c:\users\s189074\source\repos\a1us-code-design-and-data-structures-part-two\codedesignanddatastructuresparttwo\codedesignanddatastructuresparttwo\highscoretable.cpp(194): warning C4552: '+': result of expression not used
  main.cpp
c:\users\s189074\source\repos\a1us-code-design-and-data-structures-part-two\codedesignanddatastructuresparttwo\codedesignanddatastructuresparttwo\main.cpp(60): warning C4553: '==': result of expression not used; did you intend '='?
c:\users\s189074\source\repos\a1us-code-design-and-data-structures-part-two\codedesignanddatastructuresparttwo\codedesignanddatastructuresparttwo\main.cpp(85): warning C4244: 'argument': conversion from 'int' to 'const float', possible loss of data
c:\users\s189074\source\repos\a1us-code-design-and-data-structures-part-two\codedesignanddatastructuresparttwo\codedesignanddatastructuresparttwo\main.cpp(102): warning C4553: '==': result of expression not used; did you intend '='?
c:\users\s189074\source\repos\a1us-code-design-and-data-structures-part-two\codedesignanddatastructuresparttwo\codedesignanddatastructuresparttwo\main.cpp(103): warning C4553: '==': result of expression not used; did you intend '='?
c:\users\s189074\source\repos\a1us-code-design-and-data-structures-part-two\codedesignanddatastructuresparttwo\codedesignanddatastructuresparttwo\main.cpp(110): warning C4244: 'argument': conversion from 'int' to 'const float', possible loss of data
c:\users\s189074\source\repos\a1us-code-design-and-data-structures-part-two\codedesignanddatastructuresparttwo\codedesignanddatastructuresparttwo\main.cpp(129): warning C4553: '==': result of expression not used; did you intend '='?
c:\users\s189074\source\repos\a1us-code-design-and-data-structures-part-two\codedesignanddatastructuresparttwo\codedesignanddatastructuresparttwo\main.cpp(130): warning C4553: '==': result of expression not used; did you intend '='?
c:\users\s189074\source\repos\a1us-code-design-and-data-structures-part-two\codedesignanddatastructuresparttwo\codedesignanddatastructuresparttwo\main.cpp(142): warning C4553: '==': result of expression not used; did you intend '='?
c:\users\s189074\source\repos\a1us-code-design-and-data-structures-part-two\codedesignanddatastructuresparttwo\codedesignanddatastructuresparttwo\main.cpp(166): warning C4267: 'initializing': conversion from 'size_t' to 'int', possible loss of data
c:\users\s189074\source\repos\a1us-code-design-and-data-structures-part-two\codedesignanddatastructuresparttwo\codedesignanddatastructuresparttwo\main.cpp(193): warning C4553: '==': result of expression not used; did you intend '='?
c:\users\s189074\source\repos\a1us-code-design-and-data-structures-part-two\codedesignanddatastructuresparttwo\codedesignanddatastructuresparttwo\main.cpp(268): warning C4553: '==': result of expression not used; did you intend '='?
c:\users\s189074\source\repos\a1us-code-design-and-data-structures-part-two\codedesignanddatastructuresparttwo\codedesignanddatastructuresparttwo\tobjectpool.h(42): warning C4267: '=': conversion from 'size_t' to 'int', possible loss of data
  c:\users\s189074\source\repos\a1us-code-design-and-data-structures-part-two\codedesignanddatastructuresparttwo\codedesignanddatastructuresparttwo\tobjectpool.h(34): note: while compiling class template member function 'tObjectPool<spriteObjectPool>::tObjectPool(size_t)'
  c:\users\s189074\source\repos\a1us-code-design-and-data-structures-part-two\codedesignanddatastructuresparttwo\codedesignanddatastructuresparttwo\main.cpp(153): note: see reference to function template instantiation 'tObjectPool<spriteObjectPool>::tObjectPool(size_t)' being compiled
  c:\users\s189074\source\repos\a1us-code-design-and-data-structures-part-two\codedesignanddatastructuresparttwo\codedesignanddatastructuresparttwo\main.cpp(153): note: see reference to class template instantiation 'tObjectPool<spriteObjectPool>' being compiled
c:\users\s189074\source\repos\a1us-code-design-and-data-structures-part-two\codedesignanddatastructuresparttwo\codedesignanddatastructuresparttwo\tobjectpool.h(43): warning C4267: '=': conversion from 'size_t' to 'int', possible loss of data
  Generating Code...
c:\users\s189074\source\repos\a1us-code-design-and-data-structures-part-two\codedesignanddatastructuresparttwo\codedesignanddatastructuresparttwo\highscoretable.cpp(216): warning C4715: 'highScoreTable::pruneBottomNNScores': not all control paths return a value
c:\users\s189074\source\repos\a1us-code-design-and-data-structures-part-two\codedesignanddatastructuresparttwo\codedesignanddatastructuresparttwo\highscoretable.cpp(97): warning C4715: 'highScoreTable::topNNScores': not all control paths return a value
c:\users\s189074\source\repos\a1us-code-design-and-data-structures-part-two\codedesignanddatastructuresparttwo\codedesignanddatastructuresparttwo\highscoretable.cpp(204): warning C4715: 'highScoreTable::bottomNNScores': not all control paths return a value
  CodeDesignAndDataStructuresPartTwo.vcxproj -> C:\Users\s189074\source\repos\A1US-Code-Design-And-Data-Structures-Part-Two\CodeDesignAndDataStructuresPartTwo\x64\Debug\CodeDesignAndDataStructuresPartTwo.exe
