C:\Program Files (x86)\Microsoft Visual Studio\2017\Community\Common7\IDE\VC\VCTargets\Microsoft.CppBuild.targets(391,5): warning MSB8028: The intermediate directory (Debug\) contains files shared from another project (Factory_Pattern.vcxproj).  This can lead to incorrect clean and rebuild behavior.
  main.cpp
c:\users\7319a\source\repos\code-design-and-data-structures\factory_pattern\main.cpp(43): warning C4018: '<': signed/unsigned mismatch
c:\users\7319a\source\repos\code-design-and-data-structures\factory_pattern\main.cpp(49): warning C4244: '=': conversion from 'int' to 'float', possible loss of data
raylib.lib(core.obj) : warning LNK4099: PDB 'raylib.pdb' was not found with 'raylib.lib(core.obj)' or at 'C:\Users\7319a\source\repos\Code-Design-and-Data-Structures\Debug\raylib.pdb'; linking object as if no debug info
raylib.lib(shapes.obj) : warning LNK4099: PDB 'raylib.pdb' was not found with 'raylib.lib(shapes.obj)' or at 'C:\Users\7319a\source\repos\Code-Design-and-Data-Structures\Debug\raylib.pdb'; linking object as if no debug info
raylib.lib(text.obj) : warning LNK4099: PDB 'raylib.pdb' was not found with 'raylib.lib(text.obj)' or at 'C:\Users\7319a\source\repos\Code-Design-and-Data-Structures\Debug\raylib.pdb'; linking object as if no debug info
raylib.lib(textures.obj) : warning LNK4099: PDB 'raylib.pdb' was not found with 'raylib.lib(textures.obj)' or at 'C:\Users\7319a\source\repos\Code-Design-and-Data-Structures\Debug\raylib.pdb'; linking object as if no debug info
raylib.lib(utils.obj) : warning LNK4099: PDB 'raylib.pdb' was not found with 'raylib.lib(utils.obj)' or at 'C:\Users\7319a\source\repos\Code-Design-and-Data-Structures\Debug\raylib.pdb'; linking object as if no debug info
raylib.lib(context.obj) : warning LNK4099: PDB 'glfw_objlib.pdb' was not found with 'raylib.lib(context.obj)' or at 'C:\Users\7319a\source\repos\Code-Design-and-Data-Structures\Debug\glfw_objlib.pdb'; linking object as if no debug info
raylib.lib(init.obj) : warning LNK4099: PDB 'glfw_objlib.pdb' was not found with 'raylib.lib(init.obj)' or at 'C:\Users\7319a\source\repos\Code-Design-and-Data-Structures\Debug\glfw_objlib.pdb'; linking object as if no debug info
raylib.lib(input.obj) : warning LNK4099: PDB 'glfw_objlib.pdb' was not found with 'raylib.lib(input.obj)' or at 'C:\Users\7319a\source\repos\Code-Design-and-Data-Structures\Debug\glfw_objlib.pdb'; linking object as if no debug info
raylib.lib(monitor.obj) : warning LNK4099: PDB 'glfw_objlib.pdb' was not found with 'raylib.lib(monitor.obj)' or at 'C:\Users\7319a\source\repos\Code-Design-and-Data-Structures\Debug\glfw_objlib.pdb'; linking object as if no debug info
raylib.lib(vulkan.obj) : warning LNK4099: PDB 'glfw_objlib.pdb' was not found with 'raylib.lib(vulkan.obj)' or at 'C:\Users\7319a\source\repos\Code-Design-and-Data-Structures\Debug\glfw_objlib.pdb'; linking object as if no debug info
raylib.lib(window.obj) : warning LNK4099: PDB 'glfw_objlib.pdb' was not found with 'raylib.lib(window.obj)' or at 'C:\Users\7319a\source\repos\Code-Design-and-Data-Structures\Debug\glfw_objlib.pdb'; linking object as if no debug info
raylib.lib(win32_init.obj) : warning LNK4099: PDB 'glfw_objlib.pdb' was not found with 'raylib.lib(win32_init.obj)' or at 'C:\Users\7319a\source\repos\Code-Design-and-Data-Structures\Debug\glfw_objlib.pdb'; linking object as if no debug info
raylib.lib(win32_joystick.obj) : warning LNK4099: PDB 'glfw_objlib.pdb' was not found with 'raylib.lib(win32_joystick.obj)' or at 'C:\Users\7319a\source\repos\Code-Design-and-Data-Structures\Debug\glfw_objlib.pdb'; linking object as if no debug info
raylib.lib(win32_monitor.obj) : warning LNK4099: PDB 'glfw_objlib.pdb' was not found with 'raylib.lib(win32_monitor.obj)' or at 'C:\Users\7319a\source\repos\Code-Design-and-Data-Structures\Debug\glfw_objlib.pdb'; linking object as if no debug info
raylib.lib(win32_time.obj) : warning LNK4099: PDB 'glfw_objlib.pdb' was not found with 'raylib.lib(win32_time.obj)' or at 'C:\Users\7319a\source\repos\Code-Design-and-Data-Structures\Debug\glfw_objlib.pdb'; linking object as if no debug info
raylib.lib(win32_thread.obj) : warning LNK4099: PDB 'glfw_objlib.pdb' was not found with 'raylib.lib(win32_thread.obj)' or at 'C:\Users\7319a\source\repos\Code-Design-and-Data-Structures\Debug\glfw_objlib.pdb'; linking object as if no debug info
raylib.lib(win32_window.obj) : warning LNK4099: PDB 'glfw_objlib.pdb' was not found with 'raylib.lib(win32_window.obj)' or at 'C:\Users\7319a\source\repos\Code-Design-and-Data-Structures\Debug\glfw_objlib.pdb'; linking object as if no debug info
raylib.lib(wgl_context.obj) : warning LNK4099: PDB 'glfw_objlib.pdb' was not found with 'raylib.lib(wgl_context.obj)' or at 'C:\Users\7319a\source\repos\Code-Design-and-Data-Structures\Debug\glfw_objlib.pdb'; linking object as if no debug info
raylib.lib(egl_context.obj) : warning LNK4099: PDB 'glfw_objlib.pdb' was not found with 'raylib.lib(egl_context.obj)' or at 'C:\Users\7319a\source\repos\Code-Design-and-Data-Structures\Debug\glfw_objlib.pdb'; linking object as if no debug info
raylib.lib(osmesa_context.obj) : warning LNK4099: PDB 'glfw_objlib.pdb' was not found with 'raylib.lib(osmesa_context.obj)' or at 'C:\Users\7319a\source\repos\Code-Design-and-Data-Structures\Debug\glfw_objlib.pdb'; linking object as if no debug info
  Factory_Pattern.vcxproj -> C:\Users\7319a\source\repos\Code-Design-and-Data-Structures\Debug\Object_Pooling.exe
