  main.cpp
  player.cpp
c:\users\7319a\source\repos\code-design-and-data-structures\a1us_code_design_and_data_structures_assessment\player.cpp(31): warning C4244: 'argument': conversion from 'int' to 'const _Ty', possible loss of data
          with
          [
              _Ty=float
          ]
c:\users\7319a\source\repos\code-design-and-data-structures\a1us_code_design_and_data_structures_assessment\player.cpp(39): warning C4244: 'argument': conversion from 'int' to 'const _Ty', possible loss of data
          with
          [
              _Ty=float
          ]
c:\users\7319a\source\repos\code-design-and-data-structures\a1us_code_design_and_data_structures_assessment\player.cpp(40): warning C4244: 'argument': conversion from 'int' to 'const _Ty', possible loss of data
          with
          [
              _Ty=float
          ]
c:\users\7319a\source\repos\code-design-and-data-structures\a1us_code_design_and_data_structures_assessment\player.cpp(55): warning C4244: 'argument': conversion from 'int' to 'const _Ty', possible loss of data
          with
          [
              _Ty=float
          ]
c:\users\7319a\source\repos\code-design-and-data-structures\a1us_code_design_and_data_structures_assessment\player.cpp(56): warning C4244: 'argument': conversion from 'int' to 'const _Ty', possible loss of data
          with
          [
              _Ty=float
          ]
c:\users\7319a\source\repos\code-design-and-data-structures\a1us_code_design_and_data_structures_assessment\player.cpp(71): warning C4244: 'argument': conversion from 'int' to 'const _Ty', possible loss of data
          with
          [
              _Ty=float
          ]
c:\users\7319a\source\repos\code-design-and-data-structures\a1us_code_design_and_data_structures_assessment\player.cpp(72): warning C4244: 'argument': conversion from 'int' to 'const _Ty', possible loss of data
          with
          [
              _Ty=float
          ]
c:\users\7319a\source\repos\code-design-and-data-structures\a1us_code_design_and_data_structures_assessment\player.cpp(87): warning C4244: 'argument': conversion from 'int' to 'const _Ty', possible loss of data
          with
          [
              _Ty=float
          ]
c:\users\7319a\source\repos\code-design-and-data-structures\a1us_code_design_and_data_structures_assessment\player.cpp(88): warning C4244: 'argument': conversion from 'int' to 'const _Ty', possible loss of data
          with
          [
              _Ty=float
          ]
c:\users\7319a\source\repos\code-design-and-data-structures\a1us_code_design_and_data_structures_assessment\player.cpp(155): warning C4244: 'argument': conversion from 'float' to 'int', possible loss of data
  Generating Code...
  A1US_Code_Design_And_Data_Structures_Assessment.vcxproj -> C:\Users\7319a\source\repos\Code-Design-and-Data-Structures\Debug\A1US_Code_Design_And_Data_Structures_Assessment.exe
